<?xml version="1.0" encoding="UTF-8"?>
<!-- Generated by org.testng.reporters.JUnitXMLReporter -->
<testsuite hostname="Rahul" ignored="0" name="Test" tests="5" failures="0" timestamp="08 Apr 2021 11:16:03 GMT" time="13.858" errors="0">
  <testcase name="@AfterMethod after" time="0.011" classname="org.rahul.maven.Adactin1">
    <failure type="java.lang.NullPointerException">
      <![CDATA[java.lang.NullPointerException
at org.rahul.maven.BaseClass.screenshot(BaseClass.java:17)
at org.rahul.maven.Adactin1.after(Adactin1.java:94)
... Removed 28 stack frames]]>
    </failure>
  </testcase> <!-- @AfterMethod after -->
  <testcase name="@AfterMethod after" time="0.0" classname="org.rahul.maven.Adactin1">
    <skipped/>
  </testcase> <!-- @AfterMethod after -->
  <testcase name="@AfterMethod after" time="0.0" classname="org.rahul.maven.Adactin1">
    <skipped/>
  </testcase> <!-- @AfterMethod after -->
  <testcase name="@AfterMethod after" time="0.0" classname="org.rahul.maven.Adactin1">
    <skipped/>
  </testcase> <!-- @AfterMethod after -->
  <testcase name="@AfterMethod after" time="0.0" classname="org.rahul.maven.Adactin1">
    <skipped/>
  </testcase> <!-- @AfterMethod after -->
  <testcase name="tc0" time="4.597" classname="org.rahul.maven.Adactin1"/>
  <testcase name="tc1" time="0.0" classname="org.rahul.maven.Adactin1">
    <skipped/>
  </testcase> <!-- tc1 -->
  <testcase name="tc2" time="0.0" classname="org.rahul.maven.Adactin1">
    <skipped/>
  </testcase> <!-- tc2 -->
  <testcase name="tc3" time="0.0" classname="org.rahul.maven.Adactin1">
    <skipped/>
  </testcase> <!-- tc3 -->
  <testcase name="ulogout" time="0.0" classname="org.rahul.maven.Adactin1">
    <skipped/>
  </testcase> <!-- ulogout -->
</testsuite> <!-- Test -->
